2024-03-12 07:07:23,705 INFO Connected to server 127.0.0.1:65432.
2024-03-12 07:07:23,705 INFO Starting pinging for 300 seconds.
2024-03-12 07:07:23,706 INFO 07:07:23.706578;[0] keepalive;
2024-03-12 07:07:24,396 INFO 2024-03-12;07:07:23.706578;[0] PING;07:07:24.396791;[1/0] PONG (2);
2024-03-12 07:07:26,372 INFO 2024-03-12;07:07:25.813670;[1] PING;07:07:26.372150;[2/1] PONG (2);
2024-03-12 07:07:28,479 INFO 2024-03-12;07:07:27.751092;[2] PING;07:07:28.479863;[5/2] PONG (2);
2024-03-12 07:07:31,866 INFO 07:07:31.866973;[6] keepalive;
2024-03-12 07:07:35,796 INFO 2024-03-12;07:07:31.037369;[3] PING;07:07:35.796159;(timeout);
2024-03-12 07:07:35,796 INFO 2024-03-12;07:07:34.909986;[4] PING;07:07:35.796159;[9/4] PONG (2);
2024-03-12 07:07:36,943 INFO 07:07:36.943231;[11] keepalive;
2024-03-12 07:07:37,528 INFO 2024-03-12;07:07:36.943231;[5] PING;07:07:37.528564;[12/5] PONG (2);
2024-03-12 07:07:38,323 INFO 2024-03-12;07:07:37.896300;[6] PING;07:07:38.323538;[14/6] PONG (2);
2024-03-12 07:07:40,401 INFO 2024-03-12;07:07:38.691131;[7] PING;07:07:40.401507;(timeout);
2024-03-12 07:07:40,401 INFO 2024-03-12;07:07:40.076741;[8] PING;07:07:40.401507;[15/8] PONG (2);
2024-03-12 07:07:43,380 INFO 07:07:43.380325;[18] keepalive;
2024-03-12 07:07:44,148 INFO 2024-03-12;07:07:43.380325;[9] PING;07:07:44.148136;[19/9] PONG (2);
2024-03-12 07:07:47,823 INFO 2024-03-12;07:07:44.471551;[10] PING;07:07:47.823807;(timeout);
2024-03-12 07:07:47,823 INFO 2024-03-12;07:07:47.506056;[11] PING;07:07:47.823807;[21/11] PONG (2);
2024-03-12 07:07:49,010 INFO 07:07:49.010258;[23] keepalive;
2024-03-12 07:07:49,780 INFO 2024-03-12;07:07:49.010258;[12] PING;07:07:49.780642;[24/12] PONG (2);
2024-03-12 07:07:53,167 INFO 2024-03-12;07:07:52.528419;[13] PING;07:07:53.167990;[26/13] PONG (2);
2024-03-12 07:07:55,886 INFO 07:07:55.886477;[27] keepalive;
2024-03-12 07:07:56,157 INFO 2024-03-12;07:07:55.886477;[14] PING;07:07:56.157666;[29/14] PONG (2);
2024-03-12 07:07:58,366 INFO 2024-03-12;07:07:57.899427;[15] PING;07:07:58.366177;[31/15] PONG (2);
2024-03-12 07:07:59,176 INFO 07:07:59.176510;[32] keepalive;
2024-03-12 07:07:59,827 INFO 2024-03-12;07:07:58.860028;[16] PING;07:07:59.827680;[33/16] PONG (2);
2024-03-12 07:08:01,631 INFO 2024-03-12;07:08:00.867382;[17] PING;07:08:01.631776;[35/17] PONG (2);
2024-03-12 07:08:04,212 INFO 07:08:04.212394;[38] keepalive;
2024-03-12 07:08:07,798 INFO 2024-03-12;07:08:04.212394;[18] PING;07:08:07.798997;[40/18] PONG (2);
2024-03-12 07:08:08,985 INFO 2024-03-12;07:08:07.798997;[19] PING;07:08:08.985071;[43/19] PONG (2);
2024-03-12 07:08:11,954 INFO 07:08:11.954867;[45] keepalive;
2024-03-12 07:08:11,954 INFO 2024-03-12;07:08:08.170558;[20] PING;07:08:11.954867;[46/20] PONG (2);
2024-03-12 07:08:12,937 INFO 2024-03-12;07:08:11.954867;[21] PING;07:08:12.937154;[50/21] PONG (2);
2024-03-12 07:08:14,230 INFO 07:08:14.230858;[51] keepalive;
2024-03-12 07:08:14,432 INFO 2024-03-12;07:08:12.937154;[22] PING;07:08:14.432638;(timeout);
2024-03-12 07:08:14,432 INFO 2024-03-12;07:08:14.011824;[23] PING;07:08:14.432638;[53/23] PONG (2);
2024-03-12 07:08:16,650 INFO 2024-03-12;07:08:16.182627;[24] PING;07:08:16.650461;[54/24] PONG (2);
2024-03-12 07:08:19,233 INFO 07:08:19.233750;[56] keepalive;
2024-03-12 07:08:19,700 INFO 2024-03-12;07:08:18.868059;[25] PING;07:08:19.700048;[57/25] PONG (2);
2024-03-12 07:08:20,477 INFO 2024-03-12;07:08:20.180542;[26] PING;07:08:20.477418;[59/26] PONG (2);
2024-03-12 07:08:23,058 INFO 2024-03-12;07:08:22.305204;[27] PING;07:08:23.058232;[61/27] PONG (2);
2024-03-12 07:08:25,726 INFO 07:08:25.726222;[62] keepalive;
2024-03-12 07:08:27,942 INFO 2024-03-12;07:08:25.726222;[28] PING;07:08:27.942654;[64/28] PONG (2);
2024-03-12 07:08:29,766 INFO 2024-03-12;07:08:27.942654;[29] PING;07:08:29.766959;[65/29] PONG (2);
2024-03-12 07:08:32,595 INFO 2024-03-12;07:08:29.766959;[30] PING;07:08:32.595521;[67/30] PONG (2);
2024-03-12 07:08:32,595 INFO 07:08:32.595521;[68] keepalive;
2024-03-12 07:08:34,645 INFO 2024-03-12;07:08:32.595521;[31] PING;07:08:34.645273;[70/31] PONG (2);
2024-03-12 07:08:37,633 INFO 2024-03-12;07:08:34.645273;[32] PING;07:08:37.633767;[73/32] PONG (2);
2024-03-12 07:08:37,633 INFO 07:08:37.633767;[74] keepalive;
2024-03-12 07:08:40,384 INFO 2024-03-12;07:08:37.633767;[33] PING;07:08:40.384550;[76/33] PONG (2);
2024-03-12 07:08:41,007 INFO 2024-03-12;07:08:40.384550;[34] PING;07:08:41.007215;[78/34] PONG (2);
2024-03-12 07:08:41,728 INFO 07:08:41.728612;[79] keepalive;
2024-03-12 07:08:41,852 INFO 2024-03-12;07:08:41.007215;[35] PING;07:08:41.852184;[80/35] PONG (2);
2024-03-12 07:08:43,834 INFO 2024-03-12;07:08:41.350610;[36] PING;07:08:43.834315;[82/36] PONG (2);
2024-03-12 07:08:45,296 INFO 2024-03-12;07:08:43.834315;[37] PING;07:08:45.296920;[84/37] PONG (2);
2024-03-12 07:08:47,501 INFO 07:08:47.501677;[86] keepalive;
2024-03-12 07:08:48,327 INFO 2024-03-12;07:08:44.500901;[38] PING;07:08:48.327764;(timeout);
2024-03-12 07:08:48,327 INFO 2024-03-12;07:08:47.501677;[39] PING;07:08:48.327764;[87/39] PONG (2);
2024-03-12 07:08:49,951 INFO 2024-03-12;07:08:49.677400;[40] PING;07:08:49.951435;[89/40] PONG (2);
2024-03-12 07:08:51,890 INFO 2024-03-12;07:08:51.001291;[41] PING;07:08:51.890365;[91/41] PONG (2);
2024-03-12 07:08:54,317 INFO 07:08:54.317328;[92] keepalive;
2024-03-12 07:08:54,770 INFO 2024-03-12;07:08:54.317328;[42] PING;07:08:54.770661;[95/42] PONG (2);
2024-03-12 07:08:57,299 INFO 2024-03-12;07:08:56.679267;[43] PING;07:08:57.299297;[98/43] PONG (2);
2024-03-12 07:09:00,223 INFO 07:09:00.223244;[99] keepalive;
2024-03-12 07:09:00,416 INFO 2024-03-12;07:09:00.223244;[44] PING;07:09:00.416697;[101/44] PONG (2);
2024-03-12 07:09:03,753 INFO 2024-03-12;07:09:01.575306;[45] PING;07:09:03.753834;[103/45] PONG (2);
2024-03-12 07:09:06,093 INFO 2024-03-12;07:09:03.753834;[46] PING;07:09:06.093281;[105/46] PONG (2);
2024-03-12 07:09:06,789 INFO 07:09:06.789109;[106] keepalive;
2024-03-12 07:09:06,858 INFO 2024-03-12;07:09:06.093281;[47] PING;07:09:06.858832;[107/47] PONG (2);
2024-03-12 07:09:07,670 INFO 2024-03-12;07:09:06.789109;[48] PING;07:09:07.670408;[108/48] PONG (2);
2024-03-12 07:09:08,503 INFO 2024-03-12;07:09:07.670408;[49] PING;07:09:08.503912;[109/49] PONG (2);
2024-03-12 07:09:10,360 INFO 2024-03-12;07:09:08.503912;[50] PING;07:09:10.360207;[111/50] PONG (2);
2024-03-12 07:09:13,204 INFO 07:09:13.204550;[113] keepalive;
2024-03-12 07:09:13,204 INFO 2024-03-12;07:09:10.360207;[51] PING;07:09:13.204550;[114/51] PONG (2);
2024-03-12 07:09:13,712 INFO 2024-03-12;07:09:13.204550;[52] PING;07:09:13.712054;[117/52] PONG (2);
2024-03-12 07:09:15,909 INFO 2024-03-12;07:09:13.591033;[53] PING;07:09:15.909519;[118/53] PONG (2);
2024-03-12 07:09:17,260 INFO 07:09:17.260956;[120] keepalive;
2024-03-12 07:09:17,260 INFO 2024-03-12;07:09:15.909519;[54] PING;07:09:17.260956;[121/54] PONG (2);
2024-03-12 07:09:17,919 INFO 2024-03-12;07:09:17.260956;[55] PING;07:09:17.919693;[123/55] PONG (2);
2024-03-12 07:09:18,934 INFO 2024-03-12;07:09:17.859402;[56] PING;07:09:18.934381;[124/56] PONG (2);
2024-03-12 07:09:20,651 INFO 2024-03-12;07:09:18.934381;[57] PING;07:09:20.651978;[125/57] PONG (2);
2024-03-12 07:09:21,835 INFO 07:09:21.835369;[127] keepalive;
2024-03-12 07:09:21,835 INFO 2024-03-12;07:09:20.651978;[58] PING;07:09:21.835369;[128/58] PONG (2);
2024-03-12 07:09:24,035 INFO 2024-03-12;07:09:21.835369;[59] PING;07:09:24.035678;[130/59] PONG (2);
2024-03-12 07:09:24,728 INFO 2024-03-12;07:09:24.035678;[60] PING;07:09:24.728015;[132/60] PONG (2);
2024-03-12 07:09:25,603 INFO 2024-03-12;07:09:24.728015;[61] PING;07:09:25.603565;[133/61] PONG (2);
2024-03-12 07:09:26,125 INFO 07:09:26.125172;[134] keepalive;
2024-03-12 07:09:26,665 INFO 2024-03-12;07:09:25.603565;[62] PING;07:09:26.665356;[136/62] PING[63] PONG (2);
2024-03-12 07:09:28,918 INFO 2024-03-12;07:09:26.115902;[63] PING;07:09:28.918893;(timeout);
2024-03-12 07:09:28,918 INFO 2024-03-12;07:09:28.462075;[64] PING;07:09:28.918893;[138/64] PONG (2);
2024-03-12 07:09:31,872 INFO 07:09:31.872723;[140] keepalive;
2024-03-12 07:09:32,535 INFO 2024-03-12;07:09:31.872723;[65] PING;07:09:32.535998;[143/65] PONG (2);
2024-03-12 07:09:34,569 INFO 2024-03-12;07:09:34.094915;[66] PING;07:09:34.569172;[144/66] PONG (2);
2024-03-12 07:09:36,551 INFO 07:09:36.551877;[147] keepalive;
2024-03-12 07:09:36,746 INFO 2024-03-12;07:09:36.551877;[67] PING;07:09:36.746988;[148/67] PONG (2);
2024-03-12 07:09:42,430 INFO 2024-03-12;07:09:38.877860;[68] PING;07:09:42.430944;[152/68] PONG (2);
2024-03-12 07:09:42,430 INFO 07:09:42.430944;[153] keepalive;
2024-03-12 07:09:43,457 INFO 2024-03-12;07:09:42.430944;[69] PING;07:09:43.457383;[155/69] PONG (2);
2024-03-12 07:09:44,638 INFO 2024-03-12;07:09:43.395252;[70] PING;07:09:44.638066;[156/70] PONG (2);
2024-03-12 07:09:47,343 INFO 2024-03-12;07:09:44.638066;[71] PING;07:09:47.343728;[158/71] PONG (2);
2024-03-12 07:09:48,288 INFO 07:09:48.288432;[160] keepalive;
2024-03-12 07:09:48,288 INFO 2024-03-12;07:09:47.343728;[72] PING;07:09:48.288432;[161/72] PONG (2);
2024-03-12 07:09:49,852 INFO 2024-03-12;07:09:48.288432;[73] PING;07:09:49.852204;[162/73] PONG (2);
2024-03-12 07:09:52,429 INFO 2024-03-12;07:09:49.852204;[74] PING;07:09:52.429638;[164/74] PONG (2);
2024-03-12 07:09:52,429 INFO 07:09:52.429638;[166] keepalive;
2024-03-12 07:09:56,082 INFO 2024-03-12;07:09:52.429638;[75] PING;07:09:56.082369;(timeout);
2024-03-12 07:09:56,082 INFO 2024-03-12;07:09:53.236491;[76] PING;07:09:56.082369;[169/76] PONG (2);
2024-03-12 07:09:56,813 INFO 2024-03-12;07:09:56.082369;[77] PING;07:09:56.813952;[171/77] PONG (2);
2024-03-12 07:09:57,789 INFO 07:09:57.789246;[173] keepalive;
2024-03-12 07:09:58,138 INFO 2024-03-12;07:09:56.813952;[78] PING;07:09:58.138004;[175/78] PONG (2);
2024-03-12 07:09:59,412 INFO 2024-03-12;07:09:57.789246;[79] PING;07:09:59.412738;[177/79] PING[80] PONG (2);
2024-03-12 07:10:02,373 INFO 07:10:02.373867;[179] keepalive;
2024-03-12 07:10:02,809 INFO 2024-03-12;07:09:58.612888;[80] PING;07:10:02.809185;(timeout);
2024-03-12 07:10:02,809 INFO 2024-03-12;07:10:02.188293;[81] PING;07:10:02.809185;[180/81] PONG (2);
2024-03-12 07:10:07,157 INFO 2024-03-12;07:10:03.315750;[82] PING;07:10:07.157381;[182/82] PONG (2);
2024-03-12 07:10:07,806 INFO 07:10:07.806284;[184] keepalive;
2024-03-12 07:10:08,082 INFO 2024-03-12;07:10:07.157381;[83] PING;07:10:08.082076;[186/83] PONG (2);
2024-03-12 07:10:09,248 INFO 2024-03-12;07:10:07.806284;[84] PING;07:10:09.248823;[187/84] PONG (2);
2024-03-12 07:10:11,227 INFO 2024-03-12;07:10:09.248823;[85] PING;07:10:11.227544;[189/85] PONG (2);
2024-03-12 07:10:12,394 INFO 07:10:12.394281;[191] keepalive;
2024-03-12 07:10:13,247 INFO 2024-03-12;07:10:11.227544;[86] PING;07:10:13.247243;(timeout);
2024-03-12 07:10:13,247 INFO 2024-03-12;07:10:12.333100;[87] PING;07:10:13.247243;[192/87] PONG (2);
2024-03-12 07:10:14,975 INFO 2024-03-12;07:10:14.008298;[88] PING;07:10:14.975898;[194/88] PONG (2);
2024-03-12 07:10:16,235 INFO 2024-03-12;07:10:15.872653;[89] PING;07:10:16.235728;[196/89] PONG (2);
2024-03-12 07:10:18,336 INFO 07:10:18.336187;[198] keepalive;
2024-03-12 07:10:24,192 INFO 2024-03-12;07:10:18.336187;[90] PING;07:10:24.192155;(timeout);
2024-03-12 07:10:24,192 INFO 2024-03-12;07:10:20.448974;[91] PING;07:10:24.192155;[201/91] PONG (2);
2024-03-12 07:10:24,192 INFO 07:10:24.192155;[202] keepalive;
2024-03-12 07:10:24,879 INFO 2024-03-12;07:10:24.192155;[92] PING;07:10:24.879458;[205/92] PONG (2);
2024-03-12 07:10:26,741 INFO 2024-03-12;07:10:24.879458;[93] PING;07:10:26.741918;[207/93] PONG (2);
2024-03-12 07:10:28,879 INFO 2024-03-12;07:10:26.741918;[94] PING;07:10:28.879479;[209/94] PONG (2);
2024-03-12 07:10:28,879 INFO 07:10:28.879479;[210] keepalive;
2024-03-12 07:10:31,158 INFO 2024-03-12;07:10:28.879479;[95] PING;07:10:31.158462;[212/95] PING[96] PONG (2);
2024-03-12 07:10:33,405 INFO 07:10:33.405873;[214] keepalive;
2024-03-12 07:10:33,436 INFO 2024-03-12;07:10:29.186313;[96] PING;07:10:33.436068;(timeout);
2024-03-12 07:10:33,436 INFO 2024-03-12;07:10:31.158462;[97] PING;07:10:33.436068;(timeout);
2024-03-12 07:10:33,436 INFO 2024-03-12;07:10:32.600000;[98] PING;07:10:33.436068;[215/98] PONG (2);
2024-03-12 07:10:38,758 INFO 07:10:38.758054;[219] keepalive;
2024-03-12 07:10:39,356 INFO 2024-03-12;07:10:35.313780;[99] PING;07:10:39.356870;(timeout);
2024-03-12 07:10:39,356 INFO 2024-03-12;07:10:38.758054;[100] PING;07:10:39.356870;[220/100] PONG (2);
2024-03-12 07:10:40,801 INFO 2024-03-12;07:10:40.051994;[101] PING;07:10:40.801140;[222/101] PONG (2);
2024-03-12 07:10:43,248 INFO 2024-03-12;07:10:42.667803;[102] PING;07:10:43.248755;[224/102] PONG (2);
2024-03-12 07:10:44,403 INFO 07:10:44.403301;[225] keepalive;
2024-03-12 07:10:45,140 INFO 2024-03-12;07:10:44.403301;[103] PING;07:10:45.140446;[227/103] PONG (2);
2024-03-12 07:10:47,024 INFO 2024-03-12;07:10:46.196120;[104] PING;07:10:47.024984;[228/104] PONG (2);
2024-03-12 07:10:49,793 INFO 07:10:49.793790;[231] keepalive;
2024-03-12 07:10:50,057 INFO 2024-03-12;07:10:49.793790;[105] PING;07:10:50.057339;[232/105] PONG (2);
2024-03-12 07:10:50,962 INFO 2024-03-12;07:10:50.368509;[106] PING;07:10:50.962055;[233/106] PONG (2);
2024-03-12 07:10:56,845 INFO 2024-03-12;07:10:53.367814;[107] PING;07:10:56.845387;[236/107] PONG (2);
2024-03-12 07:10:56,845 INFO 07:10:56.845387;[237] keepalive;
2024-03-12 07:10:58,051 INFO 2024-03-12;07:10:56.845387;[108] PING;07:10:58.051674;[240/108] PONG (2);
2024-03-12 07:11:00,851 INFO 2024-03-12;07:10:58.051674;[109] PING;07:11:00.851898;[241/109] PONG (2);
2024-03-12 07:11:00,851 INFO 07:11:00.851898;[244] keepalive;
2024-03-12 07:11:03,667 INFO 2024-03-12;07:11:00.851898;[110] PING;07:11:03.667351;[247/110] PONG (2);
2024-03-12 07:11:05,128 INFO 2024-03-12;07:11:03.667351;[111] PING;07:11:05.128700;[249/111] PONG (2);
2024-03-12 07:11:05,128 INFO 07:11:05.128700;[250] keepalive;
2024-03-12 07:11:07,567 INFO 2024-03-12;07:11:05.128700;[112] PING;07:11:07.567195;[252/112] PONG (2);
2024-03-12 07:11:09,977 INFO 07:11:09.977033;[256] keepalive;
2024-03-12 07:11:10,024 INFO 2024-03-12;07:11:07.567195;[113] PING;07:11:10.024218;(timeout);
2024-03-12 07:11:10,024 INFO 2024-03-12;07:11:09.797997;[114] PING;07:11:10.024218;[257/114] PONG (2);
2024-03-12 07:11:16,898 INFO 07:11:16.898476;[261] keepalive;
2024-03-12 07:11:17,354 INFO 2024-03-12;07:11:13.012971;[115] PING;07:11:17.354078;(timeout);
2024-03-12 07:11:17,354 INFO 2024-03-12;07:11:16.898476;[116] PING;07:11:17.354078;[264/116] PONG (2);
2024-03-12 07:11:21,149 INFO 07:11:21.149740;[268] keepalive;
2024-03-12 07:11:21,553 INFO 2024-03-12;07:11:19.592071;[117] PING;07:11:21.553302;(timeout);
2024-03-12 07:11:21,553 INFO 2024-03-12;07:11:21.149740;[118] PING;07:11:21.553302;[269/118] PONG (2);
2024-03-12 07:11:24,827 INFO 2024-03-12;07:11:23.880948;[119] PING;07:11:24.827127;[271/119] PONG (2);
2024-03-12 07:11:26,159 INFO 07:11:26.159899;[273] keepalive;
2024-03-12 07:11:26,376 INFO 2024-03-12;07:11:25.178650;[120] PING;07:11:26.376010;[274/120] PONG (2);
2024-03-12 07:11:29,144 INFO 2024-03-12;07:11:28.430820;[121] PING;07:11:29.144376;[277/121] PONG (2);
2024-03-12 07:11:30,360 INFO 2024-03-12;07:11:29.845917;[122] PING;07:11:30.360654;[279/122] PONG (2);
2024-03-12 07:11:31,174 INFO 07:11:31.174065;[280] keepalive;
2024-03-12 07:11:31,686 INFO 2024-03-12;07:11:30.989647;[123] PING;07:11:31.686074;[281/123] PONG (2);
2024-03-12 07:11:32,951 INFO 2024-03-12;07:11:32.751630;[124] PING;07:11:32.951959;[284/124] PONG (2);
2024-03-12 07:11:33,980 INFO 2024-03-12;07:11:33.633830;[125] PING;07:11:33.980037;[285/125] PONG (2);
2024-03-12 07:11:37,403 INFO 07:11:37.403808;[287] keepalive;
2024-03-12 07:11:37,617 INFO 2024-03-12;07:11:35.094809;[126] PING;07:11:37.617896;(timeout);
2024-03-12 07:11:37,617 INFO 2024-03-12;07:11:37.403808;[127] PING;07:11:37.617896;[288/127] PONG (2);
2024-03-12 07:11:40,738 INFO 2024-03-12;07:11:39.999612;[128] PING;07:11:40.738449;[291/128] PONG (2);
2024-03-12 07:11:42,404 INFO 07:11:42.404669;[292] keepalive;
2024-03-12 07:11:43,308 INFO 2024-03-12;07:11:42.260046;[129] PING;07:11:43.308084;[294/129] PONG (2);
2024-03-12 07:11:47,403 INFO 07:11:47.403456;[298] keepalive;
2024-03-12 07:11:51,763 INFO 2024-03-12;07:11:44.098476;[130] PING;07:11:51.763524;(timeout);
2024-03-12 07:11:51,763 INFO 2024-03-12;07:11:46.669905;[131] PING;07:11:51.763524;(timeout);
2024-03-12 07:11:51,763 INFO 2024-03-12;07:11:51.179420;[132] PING;07:11:51.763524;[302/132] PONG (2);
2024-03-12 07:11:53,341 INFO 07:11:53.341454;[303] keepalive;
2024-03-12 07:11:53,554 INFO 2024-03-12;07:11:53.341454;[133] PING;07:11:53.554143;[305/133] PONG (2);
2024-03-12 07:11:55,655 INFO 2024-03-12;07:11:54.692083;[134] PING;07:11:55.655094;[307/134] PONG (2);
2024-03-12 07:11:56,759 INFO 2024-03-12;07:11:56.476605;[135] PING;07:11:56.759745;[309/135] PONG (2);
2024-03-12 07:11:59,277 INFO 07:11:59.277497;[310] keepalive;
2024-03-12 07:12:00,894 INFO 2024-03-12;07:11:59.277497;[136] PING;07:12:00.894368;[312/136] PONG (2);
2024-03-12 07:12:02,143 INFO 2024-03-12;07:12:00.894368;[137] PING;07:12:02.143323;[314/137] PONG (2);
2024-03-12 07:12:03,789 INFO 07:12:03.789954;[316] keepalive;
2024-03-12 07:12:08,019 INFO 2024-03-12;07:12:01.567717;[138] PING;07:12:08.019698;(timeout);
2024-03-12 07:12:08,019 INFO 2024-03-12;07:12:02.845820;[139] PING;07:12:08.019698;(timeout);
2024-03-12 07:12:08,019 INFO 2024-03-12;07:12:07.801817;[140] PING;07:12:08.019698;[319/140] PONG (2);
2024-03-12 07:12:08,821 INFO 07:12:08.821443;[320] keepalive;
2024-03-12 07:12:09,421 INFO 2024-03-12;07:12:08.821443;[141] PING;07:12:09.421647;[322/141] PONG (2);
2024-03-12 07:12:11,473 INFO 2024-03-12;07:12:11.057395;[142] PING;07:12:11.473370;[324/142] PONG (2);
2024-03-12 07:12:14,145 INFO 07:12:14.145538;[325] keepalive;
2024-03-12 07:12:14,910 INFO 2024-03-12;07:12:14.145538;[143] PING;07:12:14.910772;[326/143] PONG (2);
2024-03-12 07:12:19,167 INFO 07:12:19.167897;[328] keepalive;
2024-03-12 07:12:19,402 INFO 2024-03-12;07:12:16.094421;[144] PING;07:12:19.402254;(timeout);
2024-03-12 07:12:19,402 INFO 2024-03-12;07:12:19.043659;[145] PING;07:12:19.402254;[329/145] PONG (2);
2024-03-12 07:12:21,114 INFO 2024-03-12;07:12:20.321207;[146] PING;07:12:21.114733;[331/146] PONG (2);
2024-03-12 07:12:23,791 INFO 2024-03-12;07:12:22.921740;[147] PING;07:12:23.791258;[333/147] PONG (2);
2024-03-12 07:12:25,321 INFO Time is up.
2024-03-12 07:12:25,321 INFO Connection closed.
