2024-03-12 07:07:23,693 INFO Connected to server 127.0.0.1:65432.
2024-03-12 07:07:23,693 INFO Starting pinging for 300 seconds.
2024-03-12 07:07:23,706 INFO 07:07:23.706578;[0] keepalive;
2024-03-12 07:07:26,574 INFO 2024-03-12;07:07:23.693580;[0] PING;07:07:26.574496;(timeout);
2024-03-12 07:07:26,574 INFO 2024-03-12;07:07:26.227436;[1] PING;07:07:26.574496;[3/1] PONG (1);
2024-03-12 07:07:27,877 INFO 2024-03-12;07:07:27.507383;[2] PING;07:07:27.877835;[4/2] PONG (1);
2024-03-12 07:07:31,866 INFO 07:07:31.866973;[6] keepalive;
2024-03-12 07:07:32,799 INFO 2024-03-12;07:07:30.550544;[3] PING;07:07:32.799097;(timeout);
2024-03-12 07:07:32,799 INFO 2024-03-12;07:07:31.866973;[4] PING;07:07:32.799097;[7/4] PONG (1);
2024-03-12 07:07:34,831 INFO 2024-03-12;07:07:33.856225;[5] PING;07:07:34.831479;[8/5] PONG (1);
2024-03-12 07:07:36,404 INFO 2024-03-12;07:07:36.130859;[6] PING;07:07:36.404048;[10/6] PONG (1);
2024-03-12 07:07:37,383 INFO 07:07:37.383504;[11] keepalive;
2024-03-12 07:07:37,714 INFO 2024-03-12;07:07:37.383504;[7] PING;07:07:37.714677;[13/7] PONG (1);
2024-03-12 07:07:40,524 INFO 2024-03-12;07:07:40.340224;[8] PING;07:07:40.524333;[16/8] PONG (1);
2024-03-12 07:07:41,723 INFO 2024-03-12;07:07:41.281955;[9] PING;07:07:41.723368;[17/9] PONG (1);
2024-03-12 07:07:44,385 INFO 07:07:44.385846;[18] keepalive;
2024-03-12 07:07:45,330 INFO 2024-03-12;07:07:44.385846;[10] PING;07:07:45.330627;[20/10] PONG (1);
2024-03-12 07:07:48,225 INFO 2024-03-12;07:07:47.876720;[11] PING;07:07:48.225754;[22/11] PONG (1);
2024-03-12 07:07:49,952 INFO 07:07:49.952345;[23] keepalive;
2024-03-12 07:07:52,622 INFO 2024-03-12;07:07:49.952345;[12] PING;07:07:52.622768;(timeout);
2024-03-12 07:07:52,622 INFO 2024-03-12;07:07:52.065316;[13] PING;07:07:52.622768;[25/13] PONG (1);
2024-03-12 07:07:54,179 INFO 07:07:54.179500;[27] keepalive;
2024-03-12 07:07:55,172 INFO 2024-03-12;07:07:54.179500;[14] PING;07:07:55.172508;[28/14] PONG (1);
2024-03-12 07:07:57,379 INFO 2024-03-12;07:07:56.913335;[15] PING;07:07:57.379508;[30/15] PONG (1);
2024-03-12 07:07:59,272 INFO 07:07:59.272275;[32] keepalive;
2024-03-12 07:08:01,675 INFO 2024-03-12;07:07:59.272275;[16] PING;07:08:01.675694;[34/16] PONG (1);
2024-03-12 07:08:02,239 INFO 2024-03-12;07:08:01.675694;[17] PING;07:08:02.239016;[36/17] PONG (1);
2024-03-12 07:08:03,631 INFO 2024-03-12;07:08:02.041370;[18] PING;07:08:03.631945;[37/18] PONG (1);
2024-03-12 07:08:05,111 INFO 07:08:05.111297;[38] keepalive;
2024-03-12 07:08:05,111 INFO 2024-03-12;07:08:03.631945;[19] PING;07:08:05.111297;[39/19] PONG (1);
2024-03-12 07:08:07,417 INFO 2024-03-12;07:08:05.111297;[20] PING;07:08:07.417953;[41/20] PONG (1);
2024-03-12 07:08:08,802 INFO 2024-03-12;07:08:07.417953;[21] PING;07:08:08.802598;[42/21] PONG (1);
2024-03-12 07:08:09,670 INFO 2024-03-12;07:08:08.802598;[22] PING;07:08:09.670474;[44/22] PONG (1);
2024-03-12 07:08:09,670 INFO 07:08:09.670474;[45] keepalive;
2024-03-12 07:08:10,331 INFO 2024-03-12;07:08:09.670474;[23] PING;07:08:10.331840;[47/23] PONG (1);
2024-03-12 07:08:10,991 INFO 2024-03-12;07:08:10.331840;[24] PING;07:08:10.991392;[48/24] PONG (1);
2024-03-12 07:08:13,403 INFO 2024-03-12;07:08:10.639264;[25] PING;07:08:13.403005;[49/25] PONG (1);
2024-03-12 07:08:15,749 INFO 07:08:15.749705;[51] keepalive;
2024-03-12 07:08:15,750 INFO 2024-03-12;07:08:13.403005;[26] PING;07:08:15.749705;[52/26] PONG (1);
2024-03-12 07:08:17,602 INFO 2024-03-12;07:08:15.749705;[27] PING;07:08:17.602398;(timeout);
2024-03-12 07:08:17,602 INFO 2024-03-12;07:08:17.216677;[28] PING;07:08:17.602398;[55/28] PONG (1);
2024-03-12 07:08:19,646 INFO 07:08:19.646904;[56] keepalive;
2024-03-12 07:08:20,337 INFO 2024-03-12;07:08:19.646904;[29] PING;07:08:20.337382;[58/29] PONG (1);
2024-03-12 07:08:22,639 INFO 2024-03-12;07:08:22.206858;[30] PING;07:08:22.639480;[60/30] PONG (1);
2024-03-12 07:08:25,399 INFO 07:08:25.399428;[62] keepalive;
2024-03-12 07:08:28,813 INFO 2024-03-12;07:08:25.399428;[31] PING;07:08:28.813813;[63/31] PONG (1);
2024-03-12 07:08:30,884 INFO 2024-03-12;07:08:28.813813;[32] PING;07:08:30.884211;[66/32] PONG (1);
2024-03-12 07:08:33,040 INFO 07:08:33.040601;[68] keepalive;
2024-03-12 07:08:33,040 INFO 2024-03-12;07:08:30.884211;[33] PING;07:08:33.040601;[69/33] PONG (1);
2024-03-12 07:08:33,748 INFO 2024-03-12;07:08:33.040601;[34] PING;07:08:33.748109;[71/34] PONG (1);
2024-03-12 07:08:36,719 INFO 2024-03-12;07:08:33.375383;[35] PING;07:08:36.719885;[72/35] PONG (1);
2024-03-12 07:08:39,311 INFO 07:08:39.311132;[74] keepalive;
2024-03-12 07:08:39,311 INFO 2024-03-12;07:08:36.719885;[36] PING;07:08:39.311132;[75/36] PONG (1);
2024-03-12 07:08:41,151 INFO 2024-03-12;07:08:39.311132;[37] PING;07:08:41.151686;[77/37] PONG (1);
2024-03-12 07:08:43,396 INFO 07:08:43.396525;[79] keepalive;
2024-03-12 07:08:43,396 INFO 2024-03-12;07:08:41.151686;[38] PING;07:08:43.396525;[81/38] PONG (1);
2024-03-12 07:08:44,749 INFO 2024-03-12;07:08:43.396525;[39] PING;07:08:44.749247;[83/39] PONG (1);
2024-03-12 07:08:45,936 INFO 2024-03-12;07:08:44.749247;[40] PING;07:08:45.936597;[85/40] PING[41] PONG (1);
2024-03-12 07:08:48,458 INFO 07:08:48.458463;[86] keepalive;
2024-03-12 07:08:48,886 INFO 2024-03-12;07:08:45.190856;[41] PING;07:08:48.886049;(timeout);
2024-03-12 07:08:48,886 INFO 2024-03-12;07:08:48.458463;[42] PING;07:08:48.886049;[88/42] PONG (1);
2024-03-12 07:08:52,073 INFO 2024-03-12;07:08:49.677976;[43] PING;07:08:52.073465;[90/43] PONG (1);
2024-03-12 07:08:53,541 INFO 07:08:53.541114;[92] keepalive;
2024-03-12 07:08:53,541 INFO 2024-03-12;07:08:52.073465;[44] PING;07:08:53.541114;[93/44] PONG (1);
2024-03-12 07:08:54,883 INFO 2024-03-12;07:08:53.541114;[45] PING;07:08:54.883733;[94/45] PONG (1);
2024-03-12 07:08:55,798 INFO 2024-03-12;07:08:54.883733;[46] PING;07:08:55.798270;[96/46] PONG (1);
2024-03-12 07:08:57,167 INFO 2024-03-12;07:08:55.564430;[47] PING;07:08:57.167898;[97/47] PONG (1);
2024-03-12 07:08:59,451 INFO 07:08:59.451411;[99] keepalive;
2024-03-12 07:08:59,601 INFO 2024-03-12;07:08:57.167898;[48] PING;07:08:59.601431;(timeout);
2024-03-12 07:08:59,601 INFO 2024-03-12;07:08:59.451411;[49] PING;07:08:59.601431;[100/49] PONG (1);
2024-03-12 07:09:02,067 INFO 2024-03-12;07:09:01.421199;[50] PING;07:09:02.067798;[102/50] PONG (1);
2024-03-12 07:09:03,002 INFO 2024-03-12;07:09:02.749331;[51] PING;07:09:03.002261;[104/51] PONG (1);
2024-03-12 07:09:06,093 INFO 07:09:06.093281;[106] keepalive;
2024-03-12 07:09:08,898 INFO 2024-03-12;07:09:05.676009;[52] PING;07:09:08.898674;(timeout);
2024-03-12 07:09:08,898 INFO 2024-03-12;07:09:08.408680;[53] PING;07:09:08.898674;[110/53] PONG (1);
2024-03-12 07:09:10,936 INFO 2024-03-12;07:09:10.203645;[54] PING;07:09:10.936531;[112/54] PONG (1);
2024-03-12 07:09:11,543 INFO 07:09:11.543387;[113] keepalive;
2024-03-12 07:09:12,288 INFO 2024-03-12;07:09:11.543387;[55] PING;07:09:12.288249;[115/55] PONG (1);
2024-03-12 07:09:13,384 INFO 2024-03-12;07:09:13.120806;[56] PING;07:09:13.384980;[116/56] PONG (1);
2024-03-12 07:09:14,969 INFO 2024-03-12;07:09:14.332942;[57] PING;07:09:14.969119;[119/57] PONG (1);
2024-03-12 07:09:16,788 INFO 07:09:16.788158;[120] keepalive;
2024-03-12 07:09:17,174 INFO 2024-03-12;07:09:16.788158;[58] PING;07:09:17.174432;[122/58] PONG (1);
2024-03-12 07:09:20,459 INFO 2024-03-12;07:09:20.110201;[59] PING;07:09:20.459050;[126/59] PONG (1);
2024-03-12 07:09:21,450 INFO 07:09:21.450881;[127] keepalive;
2024-03-12 07:09:22,337 INFO 2024-03-12;07:09:21.450881;[60] PING;07:09:22.337187;[129/60] PONG (1);
2024-03-12 07:09:24,460 INFO 2024-03-12;07:09:23.992712;[61] PING;07:09:24.460000;[131/61] PONG (1);
2024-03-12 07:09:28,384 INFO 07:09:28.384915;[134] keepalive;
2024-03-12 07:09:28,384 INFO 2024-03-12;07:09:25.006629;[62] PING;07:09:28.384915;[135/62] PONG (1);
2024-03-12 07:09:29,938 INFO 2024-03-12;07:09:28.384915;[63] PING;07:09:29.938331;[137/63] PONG (1);
2024-03-12 07:09:30,907 INFO 2024-03-12;07:09:29.938331;[64] PING;07:09:30.907603;[139/64] PONG (1);
2024-03-12 07:09:31,334 INFO 07:09:31.334052;[140] keepalive;
2024-03-12 07:09:31,731 INFO 2024-03-12;07:09:30.907603;[65] PING;07:09:31.731011;[141/65] PONG (1);
2024-03-12 07:09:34,421 INFO 2024-03-12;07:09:31.334052;[66] PING;07:09:34.421678;[142/66] PONG (1);
2024-03-12 07:09:34,925 INFO 2024-03-12;07:09:34.421678;[67] PING;07:09:34.925142;[145/67] PONG (1);
2024-03-12 07:09:36,578 INFO 2024-03-12;07:09:34.768265;[68] PING;07:09:36.578073;[146/68] PONG (1);
2024-03-12 07:09:36,578 INFO 07:09:36.578073;[147] keepalive;
2024-03-12 07:09:37,592 INFO 2024-03-12;07:09:36.578073;[69] PING;07:09:37.592530;[149/69] PONG (1);
2024-03-12 07:09:38,785 INFO 2024-03-12;07:09:37.269643;[70] PING;07:09:38.785119;[150/70] PONG (1);
2024-03-12 07:09:41,301 INFO 2024-03-12;07:09:38.785119;[71] PING;07:09:41.301587;[151/71] PONG (1);
2024-03-12 07:09:41,954 INFO 07:09:41.954301;[153] keepalive;
2024-03-12 07:09:42,896 INFO 2024-03-12;07:09:41.301587;[72] PING;07:09:42.896673;(timeout);
2024-03-12 07:09:42,896 INFO 2024-03-12;07:09:41.954301;[73] PING;07:09:42.896673;[154/73] PONG (1);
2024-03-12 07:09:45,870 INFO 2024-03-12;07:09:43.471610;[74] PING;07:09:45.870192;[157/74] PONG (1);
2024-03-12 07:09:48,500 INFO 2024-03-12;07:09:45.870192;[75] PING;07:09:48.500607;[159/75] PONG (1);
2024-03-12 07:09:48,500 INFO 07:09:48.500607;[160] keepalive;
2024-03-12 07:09:50,716 INFO 2024-03-12;07:09:48.500607;[76] PING;07:09:50.716358;[163/76] PONG (1);
2024-03-12 07:09:52,114 INFO 2024-03-12;07:09:50.716358;[77] PING;07:09:52.114028;[165/77] PONG (1);
2024-03-12 07:09:53,192 INFO 07:09:53.192706;[166] keepalive;
2024-03-12 07:09:53,192 INFO 2024-03-12;07:09:52.114028;[78] PING;07:09:53.192706;[167/78] PONG (1);
2024-03-12 07:09:54,314 INFO 2024-03-12;07:09:53.192706;[79] PING;07:09:54.314123;[168/79] PONG (1);
2024-03-12 07:09:56,318 INFO 2024-03-12;07:09:54.314123;[80] PING;07:09:56.318487;[170/80] PONG (1);
2024-03-12 07:09:57,281 INFO 2024-03-12;07:09:56.318487;[81] PING;07:09:57.281981;[172/81] PONG (1);
2024-03-12 07:09:57,851 INFO 07:09:57.851788;[173] keepalive;
2024-03-12 07:09:57,851 INFO 2024-03-12;07:09:56.823334;[82] PING;07:09:57.851788;[174/82] PONG (1);
2024-03-12 07:10:00,255 INFO 2024-03-12;07:09:57.851788;[83] PING;07:10:00.255136;[176/83] PONG (1);
2024-03-12 07:10:03,102 INFO 2024-03-12;07:10:00.255136;[84] PING;07:10:03.102681;[178/84] PONG (1);
2024-03-12 07:10:03,102 INFO 07:10:03.102681;[179] keepalive;
2024-03-12 07:10:04,749 INFO 2024-03-12;07:10:03.102681;[85] PING;07:10:04.749057;[181/85] PONG (1);
2024-03-12 07:10:06,944 INFO 2024-03-12;07:10:04.749057;[86] PING;07:10:06.944743;[183/86] PONG (1);
2024-03-12 07:10:08,411 INFO 07:10:08.411606;[184] keepalive;
2024-03-12 07:10:08,411 INFO 2024-03-12;07:10:06.944743;[87] PING;07:10:08.411606;[185/87] PONG (1);
2024-03-12 07:10:10,982 INFO 2024-03-12;07:10:08.411606;[88] PING;07:10:10.982039;[188/88] PONG (1);
2024-03-12 07:10:12,742 INFO 2024-03-12;07:10:10.982039;[89] PING;07:10:12.742470;[190/89] PONG (1);
2024-03-12 07:10:12,742 INFO 07:10:12.742470;[191] keepalive;
2024-03-12 07:10:14,348 INFO 2024-03-12;07:10:12.742470;[90] PING;07:10:14.348323;[193/90] PONG (1);
2024-03-12 07:10:16,682 INFO 2024-03-12;07:10:14.348323;[91] PING;07:10:16.682752;[195/91] PONG (1);
2024-03-12 07:10:18,157 INFO 2024-03-12;07:10:16.682752;[92] PING;07:10:18.157430;[197/92] PONG (1);
2024-03-12 07:10:20,162 INFO 07:10:20.162960;[198] keepalive;
2024-03-12 07:10:20,162 INFO 2024-03-12;07:10:18.157430;[93] PING;07:10:20.162960;[199/93] PONG (1);
2024-03-12 07:10:22,292 INFO 2024-03-12;07:10:20.162960;[94] PING;07:10:22.292684;[200/94] PONG (1);
2024-03-12 07:10:23,169 INFO 07:10:23.169845;[202] keepalive;
2024-03-12 07:10:23,294 INFO 2024-03-12;07:10:22.292684;[95] PING;07:10:23.294892;[203/95] PONG (1);
2024-03-12 07:10:24,304 INFO 2024-03-12;07:10:22.805068;[96] PING;07:10:24.304722;[204/96] PONG (1);
2024-03-12 07:10:26,315 INFO 2024-03-12;07:10:24.304722;[97] PING;07:10:26.315313;[206/97] PONG (1);
2024-03-12 07:10:28,397 INFO 2024-03-12;07:10:26.315313;[98] PING;07:10:28.397936;[208/98] PONG (1);
2024-03-12 07:10:30,493 INFO 07:10:30.493535;[210] keepalive;
2024-03-12 07:10:30,493 INFO 2024-03-12;07:10:28.397936;[99] PING;07:10:30.493535;[211/99] PONG (1);
2024-03-12 07:10:33,406 INFO 2024-03-12;07:10:30.493535;[100] PING;07:10:33.406874;[213/100] PONG (1);
2024-03-12 07:10:33,406 INFO 07:10:33.406874;[214] keepalive;
2024-03-12 07:10:34,369 INFO 2024-03-12;07:10:33.406874;[101] PING;07:10:34.369818;[216/101] PONG (1);
2024-03-12 07:10:37,006 INFO 2024-03-12;07:10:33.950404;[102] PING;07:10:37.006472;[217/102] PONG (1);
2024-03-12 07:10:39,926 INFO 2024-03-12;07:10:37.006472;[103] PING;07:10:39.926098;[218/103] PONG (1);
2024-03-12 07:10:39,926 INFO 07:10:39.926098;[219] keepalive;
2024-03-12 07:10:42,103 INFO 2024-03-12;07:10:39.926098;[104] PING;07:10:42.103698;[221/104] PONG (1);
2024-03-12 07:10:43,487 INFO 2024-03-12;07:10:42.103698;[105] PING;07:10:43.487291;[223/105] PONG (1);
2024-03-12 07:10:46,338 INFO 07:10:46.338895;[225] keepalive;
2024-03-12 07:10:46,338 INFO 2024-03-12;07:10:43.487291;[106] PING;07:10:46.338895;[226/106] PONG (1);
2024-03-12 07:10:48,514 INFO 2024-03-12;07:10:46.338895;[107] PING;07:10:48.514280;[229/107] PONG (1);
2024-03-12 07:10:51,501 INFO 2024-03-12;07:10:48.514280;[108] PING;07:10:51.501715;[230/108] PONG (1);
2024-03-12 07:10:51,501 INFO 07:10:51.501715;[231] keepalive;
2024-03-12 07:10:52,978 INFO 2024-03-12;07:10:51.501715;[109] PING;07:10:52.978509;[234/109] PONG (1);
2024-03-12 07:10:54,975 INFO 2024-03-12;07:10:52.978509;[110] PING;07:10:54.975673;[235/110] PONG (1);
2024-03-12 07:10:55,577 INFO 07:10:55.577013;[237] keepalive;
2024-03-12 07:10:55,591 INFO 2024-03-12;07:10:54.975673;[111] PING;07:10:55.591270;[238/111] PONG (1);
2024-03-12 07:10:58,325 INFO 2024-03-12;07:10:55.577013;[112] PING;07:10:58.325840;[239/112] PONG (1);
2024-03-12 07:10:59,017 INFO 2024-03-12;07:10:58.325840;[113] PING;07:10:59.017290;[242/113] PONG (1);
2024-03-12 07:10:59,863 INFO 2024-03-12;07:10:58.687693;[114] PING;07:10:59.863917;[243/114] PONG (1);
2024-03-12 07:11:00,322 INFO 07:11:00.322184;[244] keepalive;
2024-03-12 07:11:00,415 INFO 2024-03-12;07:10:59.863917;[115] PING;07:11:00.415225;[245/115] PONG (1);
2024-03-12 07:11:03,247 INFO 2024-03-12;07:11:00.322184;[116] PING;07:11:03.247647;[246/116] PONG (1);
2024-03-12 07:11:04,298 INFO 2024-03-12;07:11:03.247647;[117] PING;07:11:04.298334;[248/117] PONG (1);
2024-03-12 07:11:06,127 INFO 07:11:06.127945;[250] keepalive;
2024-03-12 07:11:06,127 INFO 2024-03-12;07:11:04.298334;[118] PING;07:11:06.127945;[251/118] PONG (1);
2024-03-12 07:11:08,520 INFO 2024-03-12;07:11:06.127945;[119] PING;07:11:08.520696;[253/119] PONG (1);
2024-03-12 07:11:09,198 INFO 2024-03-12;07:11:08.520696;[120] PING;07:11:09.198267;[254/120] PONG (1);
2024-03-12 07:11:10,403 INFO 2024-03-12;07:11:09.198267;[121] PING;07:11:10.403137;[255/121] PONG (1);
2024-03-12 07:11:10,403 INFO 07:11:10.403137;[256] keepalive;
2024-03-12 07:11:12,062 INFO 2024-03-12;07:11:10.403137;[122] PING;07:11:12.062621;[258/122] PONG (1);
2024-03-12 07:11:13,443 INFO 2024-03-12;07:11:12.062621;[123] PING;07:11:13.443139;[259/123] PONG (1);
2024-03-12 07:11:14,659 INFO 2024-03-12;07:11:13.443139;[124] PING;07:11:14.659624;[260/124] PONG (1);
2024-03-12 07:11:16,025 INFO 07:11:16.025121;[261] keepalive;
2024-03-12 07:11:16,025 INFO 2024-03-12;07:11:14.659624;[125] PING;07:11:16.025121;[262/125] PONG (1);
2024-03-12 07:11:17,325 INFO 2024-03-12;07:11:16.025121;[126] PING;07:11:17.325817;[263/126] PONG (1);
2024-03-12 07:11:18,195 INFO 2024-03-12;07:11:17.325817;[127] PING;07:11:18.195660;[265/127] PONG (1);
2024-03-12 07:11:18,723 INFO 2024-03-12;07:11:17.883241;[128] PING;07:11:18.723517;[266/128] PONG (1);
2024-03-12 07:11:21,708 INFO 2024-03-12;07:11:18.678603;[129] PING;07:11:21.708378;[267/129] PONG (1);
2024-03-12 07:11:21,708 INFO 07:11:21.708378;[268] keepalive;
2024-03-12 07:11:24,041 INFO 2024-03-12;07:11:21.708378;[130] PING;07:11:24.041872;[270/130] PONG (1);
2024-03-12 07:11:25,911 INFO 2024-03-12;07:11:24.041872;[131] PING;07:11:25.911196;[272/131] PONG (1);
2024-03-12 07:11:26,849 INFO 07:11:26.849602;[273] keepalive;
2024-03-12 07:11:27,201 INFO 2024-03-12;07:11:25.911196;[132] PING;07:11:27.201295;[275/132] PONG (1);
2024-03-12 07:11:28,433 INFO 2024-03-12;07:11:26.849602;[133] PING;07:11:28.433435;[276/133] PONG (1);
2024-03-12 07:11:31,288 INFO 2024-03-12;07:11:28.433435;[134] PING;07:11:31.288081;[278/134] PONG (1);
2024-03-12 07:11:31,288 INFO 07:11:31.288081;[280] keepalive;
2024-03-12 07:11:32,281 INFO 2024-03-12;07:11:31.288081;[135] PING;07:11:32.281489;[282/135] PONG (1);
2024-03-12 07:11:35,090 INFO 2024-03-12;07:11:32.281489;[136] PING;07:11:35.090865;[283/136] PONG (1);
2024-03-12 07:11:37,650 INFO 2024-03-12;07:11:35.090865;[137] PING;07:11:37.650420;[286/137] PONG (1);
2024-03-12 07:11:37,650 INFO 07:11:37.650420;[287] keepalive;
2024-03-12 07:11:39,912 INFO 2024-03-12;07:11:37.649412;[138] PING;07:11:39.912926;[289/138] PONG (1);
2024-03-12 07:11:41,576 INFO 2024-03-12;07:11:39.912926;[139] PING;07:11:41.576411;[290/139] PONG (1);
2024-03-12 07:11:44,132 INFO 07:11:44.132208;[292] keepalive;
2024-03-12 07:11:44,132 INFO 2024-03-12;07:11:41.576411;[140] PING;07:11:44.132208;[293/140] PONG (1);
2024-03-12 07:11:45,347 INFO 2024-03-12;07:11:44.132208;[141] PING;07:11:45.347957;[295/141] PONG (1);
2024-03-12 07:11:46,636 INFO 2024-03-12;07:11:45.347957;[142] PING;07:11:46.636271;[296/142] PONG (1);
2024-03-12 07:11:47,161 INFO 2024-03-12;07:11:46.636271;[143] PING;07:11:47.161009;[297/143] PONG (1);
2024-03-12 07:11:48,186 INFO 07:11:48.186372;[298] keepalive;
2024-03-12 07:11:48,186 INFO 2024-03-12;07:11:47.161009;[144] PING;07:11:48.186372;[299/144] PONG (1);
2024-03-12 07:11:50,299 INFO 2024-03-12;07:11:48.186372;[145] PING;07:11:50.299199;[300/145] PONG (1);
2024-03-12 07:11:52,411 INFO 2024-03-12;07:11:50.299199;[146] PING;07:11:52.411929;[301/146] PONG (1);
2024-03-12 07:11:53,669 INFO 07:11:53.669182;[303] keepalive;
2024-03-12 07:11:53,669 INFO 2024-03-12;07:11:52.411929;[147] PING;07:11:53.669182;[304/147] PONG (1);
2024-03-12 07:11:54,335 INFO 2024-03-12;07:11:53.669182;[148] PING;07:11:54.335122;(timeout);
2024-03-12 07:11:54,335 INFO 2024-03-12;07:11:54.174875;[149] PING;07:11:54.335122;[306/149] PONG (1);
2024-03-12 07:11:56,059 INFO 2024-03-12;07:11:55.262074;[150] PING;07:11:56.059067;[308/150] PONG (1);
2024-03-12 07:11:58,549 INFO 07:11:58.549681;[310] keepalive;
2024-03-12 07:11:59,488 INFO 2024-03-12;07:11:58.549681;[151] PING;07:11:59.488998;[311/151] PONG (1);
2024-03-12 07:12:01,843 INFO 2024-03-12;07:12:00.174122;[152] PING;07:12:01.843452;[313/152] PONG (1);
2024-03-12 07:12:03,789 INFO 2024-03-12;07:12:01.843452;[153] PING;07:12:03.789954;[315/153] PONG (1);
2024-03-12 07:12:05,784 INFO 07:12:05.784441;[316] keepalive;
2024-03-12 07:12:05,784 INFO 2024-03-12;07:12:03.789954;[154] PING;07:12:05.784441;[317/154] PONG (1);
2024-03-12 07:12:07,912 INFO 2024-03-12;07:12:05.784441;[155] PING;07:12:07.912165;(timeout);
2024-03-12 07:12:07,912 INFO 2024-03-12;07:12:07.661795;[156] PING;07:12:07.912165;[318/156] PONG (1);
2024-03-12 07:12:08,798 INFO 07:12:08.798981;[320] keepalive;
2024-03-12 07:12:08,845 INFO 2024-03-12;07:12:08.470109;[157] PING;07:12:08.845524;[321/157] PONG (1);
2024-03-12 07:12:10,744 INFO 2024-03-12;07:12:10.090179;[158] PING;07:12:10.744443;[323/158] PONG (1);
2024-03-12 07:12:14,262 INFO 07:12:14.262282;[325] keepalive;
2024-03-12 07:12:18,261 INFO 2024-03-12;07:12:12.529182;[159] PING;07:12:18.261378;(timeout);
2024-03-12 07:12:18,261 INFO 2024-03-12;07:12:14.262282;[160] PING;07:12:18.261378;(timeout);
2024-03-12 07:12:18,261 INFO 2024-03-12;07:12:17.278361;[161] PING;07:12:18.261378;[327/161] PONG (1);
2024-03-12 07:12:19,872 INFO 07:12:19.872284;[328] keepalive;
2024-03-12 07:12:20,787 INFO 2024-03-12;07:12:19.872284;[162] PING;07:12:20.787749;[330/162] PONG (1);
2024-03-12 07:12:22,115 INFO 2024-03-12;07:12:21.291501;[163] PING;07:12:22.115903;[332/163] PONG (1);
2024-03-12 07:12:24,762 INFO Time is up.
2024-03-12 07:12:24,762 INFO Connection closed.
