INFO Starting listening.
INFO Accepted connection from 127.0.0.1:52127
INFO 2024-03-12;07:07:23.693580;[0] PING;(ignored);
INFO Accepted connection from 127.0.0.1:52128
INFO 2024-03-12;07:07:23.706578;[0] PING;07:07:24.396791;[1/0] PONG (2);
INFO 2024-03-12;07:07:25.813670;[1] PING;07:07:26.372150;[2/1] PONG (2);
INFO 2024-03-12;07:07:26.372150;[1] PING;07:07:26.574496;[3/1] PONG (1);
INFO 2024-03-12;07:07:27.507383;[2] PING;07:07:27.877835;[4/2] PONG (1);
INFO 2024-03-12;07:07:27.877835;[2] PING;07:07:28.479863;[5/2] PONG (2);
INFO 2024-03-12;07:07:30.550544;[3] PING;(ignored);
INFO 2024-03-12;07:07:31.037369;[3] PING;(ignored);
INFO 2024-03-12;07:07:31.866973;[4] PING;07:07:32.799097;[7/4] PONG (1);
INFO 2024-03-12;07:07:33.856225;[5] PING;07:07:34.831479;[8/5] PONG (1);
INFO 2024-03-12;07:07:34.909986;[4] PING;07:07:35.796159;[9/4] PONG (2);
INFO 2024-03-12;07:07:36.130859;[6] PING;07:07:36.404048;[10/6] PONG (1);
INFO 2024-03-12;07:07:36.943231;[5] PING;07:07:37.528564;[12/5] PONG (2);
INFO 2024-03-12;07:07:37.528564;[7] PING;07:07:37.714677;[13/7] PONG (1);
INFO 2024-03-12;07:07:37.896300;[6] PING;07:07:38.323538;[14/6] PONG (2);
INFO 2024-03-12;07:07:38.691131;[7] PING;(ignored);
INFO 2024-03-12;07:07:40.076741;[8] PING;07:07:40.401507;[15/8] PONG (2);
INFO 2024-03-12;07:07:40.401507;[8] PING;07:07:40.524333;[16/8] PONG (1);
INFO 2024-03-12;07:07:41.281955;[9] PING;07:07:41.723368;[17/9] PONG (1);
INFO 2024-03-12;07:07:43.380325;[9] PING;07:07:44.148136;[19/9] PONG (2);
INFO 2024-03-12;07:07:44.385846;[10] PING;07:07:45.330627;[20/10] PONG (1);
INFO 2024-03-12;07:07:45.330627;[10] PING;(ignored);
INFO 2024-03-12;07:07:47.506056;[11] PING;07:07:47.823807;[21/11] PONG (2);
INFO 2024-03-12;07:07:47.876720;[11] PING;07:07:48.225754;[22/11] PONG (1);
INFO 2024-03-12;07:07:49.010258;[12] PING;07:07:49.780642;[24/12] PONG (2);
INFO 2024-03-12;07:07:49.952345;[12] PING;(ignored);
INFO 2024-03-12;07:07:52.065316;[13] PING;07:07:52.622768;[25/13] PONG (1);
INFO 2024-03-12;07:07:52.622768;[13] PING;07:07:53.167990;[26/13] PONG (2);
INFO 2024-03-12;07:07:54.179500;[14] PING;07:07:55.172508;[28/14] PONG (1);
INFO 2024-03-12;07:07:55.886477;[14] PING;07:07:56.157666;[29/14] PONG (2);
INFO 2024-03-12;07:07:56.913335;[15] PING;07:07:57.379508;[30/15] PONG (1);
INFO 2024-03-12;07:07:57.899427;[15] PING;07:07:58.366177;[31/15] PONG (2);
INFO 2024-03-12;07:07:58.860028;[16] PING;07:07:59.827680;[33/16] PONG (2);
INFO 2024-03-12;07:07:59.827680;[16] PING;07:08:00.337610;[34/16] PONG (1);
INFO 2024-03-12;07:08:00.867382;[17] PING;07:08:01.631776;[35/17] PONG (2);
INFO 2024-03-12;07:08:01.675694;[17] PING;07:08:02.239016;[36/17] PONG (1);
INFO 2024-03-12;07:08:02.239016;[18] PING;07:08:03.126367;[37/18] PONG (1);
INFO 2024-03-12;07:08:03.631945;[19] PING;07:08:04.515057;[39/19] PONG (1);
INFO 2024-03-12;07:08:04.515057;[18] PING;07:08:05.325249;[40/18] PONG (2);
INFO 2024-03-12;07:08:05.325249;[20] PING;07:08:05.965268;[41/20] PONG (1);
INFO 2024-03-12;07:08:07.417953;[21] PING;07:08:07.993056;[42/21] PONG (1);
INFO 2024-03-12;07:08:07.993056;[19] PING;07:08:08.985071;[43/19] PONG (2);
INFO 2024-03-12;07:08:08.985071;[22] PING;07:08:09.094581;[44/22] PONG (1);
INFO 2024-03-12;07:08:09.094581;[20] PING;07:08:09.793668;[46/20] PONG (2);
INFO 2024-03-12;07:08:09.793668;[23] PING;07:08:10.103418;[47/23] PONG (1);
INFO 2024-03-12;07:08:10.331840;[24] PING;07:08:10.991392;[48/24] PONG (1);
INFO 2024-03-12;07:08:10.991392;[25] PING;07:08:11.460077;[49/25] PONG (1);
INFO 2024-03-12;07:08:11.954867;[21] PING;07:08:12.585163;[50/21] PONG (2);
INFO 2024-03-12;07:08:12.937154;[22] PING;(ignored);
INFO 2024-03-12;07:08:13.403005;[26] PING;07:08:14.295294;[52/26] PONG (1);
INFO 2024-03-12;07:08:14.295294;[23] PING;07:08:14.432638;[53/23] PONG (2);
INFO 2024-03-12;07:08:15.749705;[27] PING;(ignored);
INFO 2024-03-12;07:08:16.182627;[24] PING;07:08:16.650461;[54/24] PONG (2);
INFO 2024-03-12;07:08:17.216677;[28] PING;07:08:17.602398;[55/28] PONG (1);
INFO 2024-03-12;07:08:18.868059;[25] PING;07:08:19.700048;[57/25] PONG (2);
INFO 2024-03-12;07:08:19.700048;[29] PING;07:08:20.337382;[58/29] PONG (1);
INFO 2024-03-12;07:08:20.337382;[26] PING;07:08:20.477418;[59/26] PONG (2);
INFO 2024-03-12;07:08:22.206858;[30] PING;07:08:22.639480;[60/30] PONG (1);
INFO 2024-03-12;07:08:22.639480;[27] PING;07:08:23.058232;[61/27] PONG (2);
INFO 2024-03-12;07:08:25.399428;[31] PING;07:08:26.407585;[63/31] PONG (1);
INFO 2024-03-12;07:08:26.407585;[28] PING;07:08:27.045389;[64/28] PONG (2);
INFO 2024-03-12;07:08:27.942654;[29] PING;07:08:28.813309;[65/29] PONG (2);
INFO 2024-03-12;07:08:28.813813;[32] PING;07:08:29.527887;[66/32] PONG (1);
INFO 2024-03-12;07:08:29.766959;[30] PING;07:08:30.059114;[67/30] PONG (2);
INFO 2024-03-12;07:08:30.884211;[33] PING;07:08:31.578400;[69/33] PONG (1);
INFO 2024-03-12;07:08:32.595521;[31] PING;07:08:32.830732;[70/31] PONG (2);
INFO 2024-03-12;07:08:33.040601;[34] PING;07:08:33.748109;[71/34] PONG (1);
INFO 2024-03-12;07:08:33.748109;[35] PING;07:08:33.903391;[72/35] PONG (1);
INFO 2024-03-12;07:08:34.645273;[32] PING;07:08:35.139012;[73/32] PONG (2);
INFO 2024-03-12;07:08:36.719885;[36] PING;07:08:36.984560;[75/36] PONG (1);
INFO 2024-03-12;07:08:37.633767;[33] PING;07:08:37.755677;[76/33] PONG (2);
INFO 2024-03-12;07:08:39.311132;[37] PING;07:08:40.122396;[77/37] PONG (1);
INFO 2024-03-12;07:08:40.384550;[34] PING;07:08:40.714559;[78/34] PONG (2);
INFO 2024-03-12;07:08:41.007215;[35] PING;07:08:41.852184;[80/35] PONG (2);
INFO 2024-03-12;07:08:41.852184;[38] PING;07:08:42.830932;[81/38] PONG (1);
INFO 2024-03-12;07:08:42.830932;[36] PING;07:08:43.481153;[82/36] PONG (2);
INFO 2024-03-12;07:08:43.481153;[39] PING;07:08:44.382218;[83/39] PONG (1);
INFO 2024-03-12;07:08:44.382218;[37] PING;07:08:45.296920;[84/37] PONG (2);
INFO 2024-03-12;07:08:45.296920;[40] PING[41] PING;07:08:45.936597;[85/40] PING[41] PONG (1);
INFO 2024-03-12;07:08:45.936597;[38] PING;(ignored);
INFO 2024-03-12;07:08:47.501677;[39] PING;07:08:48.327764;[87/39] PONG (2);
INFO 2024-03-12;07:08:48.458463;[42] PING;07:08:48.886049;[88/42] PONG (1);
INFO 2024-03-12;07:08:49.677400;[40] PING;07:08:49.951435;[89/40] PONG (2);
INFO 2024-03-12;07:08:49.951435;[43] PING;07:08:50.682133;[90/43] PONG (1);
INFO 2024-03-12;07:08:51.001291;[41] PING;07:08:51.890365;[91/41] PONG (2);
INFO 2024-03-12;07:08:52.073465;[44] PING;07:08:52.872140;[93/44] PONG (1);
INFO 2024-03-12;07:08:53.541114;[45] PING;07:08:54.086628;[94/45] PONG (1);
INFO 2024-03-12;07:08:54.317328;[42] PING;07:08:54.770661;[95/42] PONG (2);
INFO 2024-03-12;07:08:54.883733;[46] PING;07:08:55.798270;[96/46] PONG (1);
INFO 2024-03-12;07:08:55.798270;[47] PING;07:08:56.802964;[97/47] PONG (1);
INFO 2024-03-12;07:08:56.802964;[43] PING;07:08:57.299297;[98/43] PONG (2);
INFO 2024-03-12;07:08:57.299297;[48] PING;(ignored);
INFO 2024-03-12;07:08:59.451411;[49] PING;07:08:59.601431;[100/49] PONG (1);
INFO 2024-03-12;07:09:00.223244;[44] PING;07:09:00.416697;[101/44] PONG (2);
INFO 2024-03-12;07:09:01.421199;[50] PING;07:09:02.067798;[102/50] PONG (1);
INFO 2024-03-12;07:09:02.067798;[45] PING;07:09:02.690410;[103/45] PONG (2);
INFO 2024-03-12;07:09:02.749331;[51] PING;07:09:03.002261;[104/51] PONG (1);
INFO 2024-03-12;07:09:03.753834;[46] PING;07:09:03.913526;[105/46] PONG (2);
INFO 2024-03-12;07:09:05.676009;[52] PING;(ignored);
INFO 2024-03-12;07:09:06.093281;[47] PING;07:09:06.858832;[107/47] PONG (2);
INFO 2024-03-12;07:09:06.858832;[48] PING;07:09:07.496914;[108/48] PONG (2);
INFO 2024-03-12;07:09:07.670408;[49] PING;07:09:08.309580;[109/49] PONG (2);
INFO 2024-03-12;07:09:08.408680;[53] PING;07:09:08.898674;[110/53] PONG (1);
INFO 2024-03-12;07:09:08.898674;[50] PING;07:09:09.563395;[111/50] PONG (2);
INFO 2024-03-12;07:09:10.203645;[54] PING;07:09:10.936531;[112/54] PONG (1);
INFO 2024-03-12;07:09:10.936531;[51] PING;07:09:11.619671;[114/51] PONG (2);
INFO 2024-03-12;07:09:11.619671;[55] PING;07:09:12.288249;[115/55] PONG (1);
INFO 2024-03-12;07:09:13.120806;[56] PING;07:09:13.384980;[116/56] PONG (1);
INFO 2024-03-12;07:09:13.384980;[52] PING;07:09:13.712054;[117/52] PONG (2);
INFO 2024-03-12;07:09:13.712054;[53] PING;07:09:14.192832;[118/53] PONG (2);
INFO 2024-03-12;07:09:14.332942;[57] PING;07:09:14.969119;[119/57] PONG (1);
INFO 2024-03-12;07:09:15.909519;[54] PING;07:09:16.436870;[121/54] PONG (2);
INFO 2024-03-12;07:09:16.788158;[58] PING;07:09:17.174432;[122/58] PONG (1);
INFO 2024-03-12;07:09:17.260956;[55] PING;07:09:17.919693;[123/55] PONG (2);
INFO 2024-03-12;07:09:17.919693;[56] PING;07:09:18.480393;[124/56] PONG (2);
INFO 2024-03-12;07:09:18.934381;[57] PING;07:09:19.462285;[125/57] PONG (2);
INFO 2024-03-12;07:09:20.110201;[59] PING;07:09:20.459050;[126/59] PONG (1);
INFO 2024-03-12;07:09:20.651978;[58] PING;07:09:21.511465;[128/58] PONG (2);
INFO 2024-03-12;07:09:21.511465;[60] PING;07:09:22.337187;[129/60] PONG (1);
INFO 2024-03-12;07:09:22.337187;[59] PING;07:09:23.115450;[130/59] PONG (2);
INFO 2024-03-12;07:09:23.992712;[61] PING;07:09:24.460000;[131/61] PONG (1);
INFO 2024-03-12;07:09:24.460000;[60] PING;07:09:24.661009;[132/60] PONG (2);
INFO 2024-03-12;07:09:24.728015;[61] PING;07:09:25.456140;[133/61] PONG (2);
INFO 2024-03-12;07:09:25.456140;[62] PING;07:09:26.403357;[135/62] PONG (1);
INFO 2024-03-12;07:09:26.403357;[62] PING[63] PING;07:09:26.665356;[136/62] PING[63] PONG (2);
INFO 2024-03-12;07:09:28.384915;[63] PING;07:09:28.718534;[137/63] PONG (1);
INFO 2024-03-12;07:09:28.718534;[64] PING;07:09:28.918893;[138/64] PONG (2);
INFO 2024-03-12;07:09:29.938331;[64] PING;07:09:30.749018;[139/64] PONG (1);
INFO 2024-03-12;07:09:30.907603;[65] PING;07:09:31.731011;[141/65] PONG (1);
INFO 2024-03-12;07:09:31.731011;[66] PING;07:09:32.350476;[142/66] PONG (1);
INFO 2024-03-12;07:09:32.350476;[65] PING;07:09:32.535998;[143/65] PONG (2);
INFO 2024-03-12;07:09:34.094915;[66] PING;07:09:34.569172;[144/66] PONG (2);
INFO 2024-03-12;07:09:34.569172;[67] PING;07:09:34.925142;[145/67] PONG (1);
INFO 2024-03-12;07:09:34.925142;[68] PING;07:09:35.890247;[146/68] PONG (1);
INFO 2024-03-12;07:09:36.551877;[67] PING;07:09:36.746988;[148/67] PONG (2);
INFO 2024-03-12;07:09:36.746988;[69] PING;07:09:37.592530;[149/69] PONG (1);
INFO 2024-03-12;07:09:37.592530;[70] PING;07:09:38.250120;[150/70] PONG (1);
INFO 2024-03-12;07:09:38.785119;[71] PING;07:09:39.108213;[151/71] PONG (1);
INFO 2024-03-12;07:09:39.108213;[68] PING;07:09:39.916218;[152/68] PONG (2);
INFO 2024-03-12;07:09:41.301587;[72] PING;(ignored);
INFO 2024-03-12;07:09:41.954301;[73] PING;07:09:42.896673;[154/73] PONG (1);
INFO 2024-03-12;07:09:42.896673;[69] PING;07:09:43.457383;[155/69] PONG (2);
INFO 2024-03-12;07:09:43.457383;[70] PING;07:09:44.459854;[156/70] PONG (2);
INFO 2024-03-12;07:09:44.459854;[74] PING;07:09:44.646520;[157/74] PONG (1);
INFO 2024-03-12;07:09:44.646520;[71] PING;07:09:45.348539;[158/71] PONG (2);
INFO 2024-03-12;07:09:45.870192;[75] PING;07:09:46.299930;[159/75] PONG (1);
INFO 2024-03-12;07:09:47.343728;[72] PING;07:09:47.549329;[161/72] PONG (2);
INFO 2024-03-12;07:09:48.288432;[73] PING;07:09:48.735763;[162/73] PONG (2);
INFO 2024-03-12;07:09:48.735763;[76] PING;07:09:49.623035;[163/76] PONG (1);
INFO 2024-03-12;07:09:49.852204;[74] PING;07:09:50.072863;[164/74] PONG (2);
INFO 2024-03-12;07:09:50.716358;[77] PING;07:09:51.631688;[165/77] PONG (1);
INFO 2024-03-12;07:09:52.114028;[78] PING;07:09:52.658307;[167/78] PONG (1);
INFO 2024-03-12;07:09:52.658307;[75] PING;(ignored);
INFO 2024-03-12;07:09:53.192706;[79] PING;07:09:53.875839;[168/79] PONG (1);
INFO 2024-03-12;07:09:53.875839;[76] PING;07:09:54.809919;[169/76] PONG (2);
INFO 2024-03-12;07:09:54.809919;[80] PING;07:09:55.103271;[170/80] PONG (1);
INFO 2024-03-12;07:09:56.082369;[77] PING;07:09:56.722932;[171/77] PONG (2);
INFO 2024-03-12;07:09:56.722932;[81] PING;07:09:57.281981;[172/81] PONG (1);
INFO 2024-03-12;07:09:57.281981;[82] PING;07:09:57.498278;[174/82] PONG (1);
INFO 2024-03-12;07:09:57.498278;[78] PING;07:09:58.138004;[175/78] PONG (2);
INFO 2024-03-12;07:09:58.138004;[83] PING;07:09:59.008327;[176/83] PONG (1);
INFO 2024-03-12;07:09:59.008327;[79] PING[80] PING;07:09:59.412738;[177/79] PING[80] PONG (2);
INFO 2024-03-12;07:10:00.255136;[84] PING;07:10:00.998292;[178/84] PONG (1);
INFO 2024-03-12;07:10:02.188293;[81] PING;07:10:02.809185;[180/81] PONG (2);
INFO 2024-03-12;07:10:03.102681;[85] PING;07:10:03.414209;[181/85] PONG (1);
INFO 2024-03-12;07:10:03.414209;[82] PING;07:10:04.408096;[182/82] PONG (2);
INFO 2024-03-12;07:10:04.749057;[86] PING;07:10:05.588843;[183/86] PONG (1);
INFO 2024-03-12;07:10:06.944743;[87] PING;07:10:07.460913;[185/87] PONG (1);
INFO 2024-03-12;07:10:07.460913;[83] PING;07:10:08.082076;[186/83] PONG (2);
INFO 2024-03-12;07:10:08.082076;[84] PING;07:10:08.843882;[187/84] PONG (2);
INFO 2024-03-12;07:10:08.843882;[88] PING;07:10:09.014021;[188/88] PONG (1);
INFO 2024-03-12;07:10:09.248823;[85] PING;07:10:09.654715;[189/85] PONG (2);
INFO 2024-03-12;07:10:10.982039;[89] PING;07:10:11.334173;[190/89] PONG (1);
INFO 2024-03-12;07:10:11.334173;[86] PING;(ignored);
INFO 2024-03-12;07:10:12.333100;[87] PING;07:10:13.247243;[192/87] PONG (2);
INFO 2024-03-12;07:10:13.247243;[90] PING;07:10:13.542045;[193/90] PONG (1);
INFO 2024-03-12;07:10:14.008298;[88] PING;07:10:14.975898;[194/88] PONG (2);
INFO 2024-03-12;07:10:14.976402;[91] PING;07:10:15.877948;[195/91] PONG (1);
INFO 2024-03-12;07:10:15.877948;[89] PING;07:10:16.235728;[196/89] PONG (2);
INFO 2024-03-12;07:10:16.682752;[92] PING;07:10:17.074764;[197/92] PONG (1);
INFO 2024-03-12;07:10:18.157430;[93] PING;07:10:18.898188;[199/93] PONG (1);
INFO 2024-03-12;07:10:18.898188;[90] PING;(ignored);
INFO 2024-03-12;07:10:20.162960;[94] PING;07:10:21.123966;[200/94] PONG (1);
INFO 2024-03-12;07:10:21.123966;[91] PING;07:10:21.512878;[201/91] PONG (2);
INFO 2024-03-12;07:10:22.292684;[95] PING;07:10:23.294892;[203/95] PONG (1);
INFO 2024-03-12;07:10:23.294892;[96] PING;07:10:23.934280;[204/96] PONG (1);
INFO 2024-03-12;07:10:24.192155;[92] PING;07:10:24.601811;[205/92] PONG (2);
INFO 2024-03-12;07:10:24.601811;[97] PING;07:10:25.052218;[206/97] PONG (1);
INFO 2024-03-12;07:10:25.052218;[93] PING;07:10:25.810304;[207/93] PONG (2);
INFO 2024-03-12;07:10:26.315313;[98] PING;07:10:26.666972;[208/98] PONG (1);
INFO 2024-03-12;07:10:26.741918;[94] PING;07:10:27.709045;[209/94] PONG (2);
INFO 2024-03-12;07:10:28.397936;[99] PING;07:10:29.278787;[211/99] PONG (1);
INFO 2024-03-12;07:10:29.278787;[95] PING[96] PING;07:10:30.273950;[212/95] PING[96] PONG (2);
INFO 2024-03-12;07:10:30.493535;[100] PING;07:10:30.912901;[213/100] PONG (1);
INFO 2024-03-12;07:10:31.158462;[97] PING;(ignored);
INFO 2024-03-12;07:10:32.600000;[98] PING;07:10:33.436068;[215/98] PONG (2);
INFO 2024-03-12;07:10:33.436068;[101] PING;07:10:34.369818;[216/101] PONG (1);
INFO 2024-03-12;07:10:34.369818;[102] PING;07:10:35.254038;[217/102] PONG (1);
INFO 2024-03-12;07:10:35.313780;[99] PING;(ignored);
INFO 2024-03-12;07:10:37.006472;[103] PING;07:10:37.954212;[218/103] PONG (1);
INFO 2024-03-12;07:10:38.758054;[100] PING;07:10:39.356870;[220/100] PONG (2);
INFO 2024-03-12;07:10:39.926098;[104] PING;07:10:40.366985;[221/104] PONG (1);
INFO 2024-03-12;07:10:40.366985;[101] PING;07:10:40.801140;[222/101] PONG (2);
INFO 2024-03-12;07:10:42.103698;[105] PING;07:10:42.845971;[223/105] PONG (1);
INFO 2024-03-12;07:10:42.845971;[102] PING;07:10:43.248755;[224/102] PONG (2);
INFO 2024-03-12;07:10:43.487291;[106] PING;07:10:43.828853;[226/106] PONG (1);
INFO 2024-03-12;07:10:44.403301;[103] PING;07:10:45.140446;[227/103] PONG (2);
INFO 2024-03-12;07:10:46.196120;[104] PING;07:10:47.024984;[228/104] PONG (2);
INFO 2024-03-12;07:10:47.024984;[107] PING;07:10:47.416607;[229/107] PONG (1);
INFO 2024-03-12;07:10:48.514280;[108] PING;07:10:48.624179;[230/108] PONG (1);
INFO 2024-03-12;07:10:49.793790;[105] PING;07:10:50.057339;[232/105] PONG (2);
INFO 2024-03-12;07:10:50.368509;[106] PING;07:10:50.962055;[233/106] PONG (2);
INFO 2024-03-12;07:10:51.501715;[109] PING;07:10:51.772743;[234/109] PONG (1);
INFO 2024-03-12;07:10:52.978509;[110] PING;07:10:53.631400;[235/110] PONG (1);
INFO 2024-03-12;07:10:53.631400;[107] PING;07:10:54.566454;[236/107] PONG (2);
INFO 2024-03-12;07:10:54.975673;[111] PING;07:10:55.591270;[238/111] PONG (1);
INFO 2024-03-12;07:10:55.591270;[112] PING;07:10:56.072154;[239/112] PONG (1);
INFO 2024-03-12;07:10:56.845387;[108] PING;07:10:57.180075;[240/108] PONG (2);
INFO 2024-03-12;07:10:58.051674;[109] PING;07:10:58.350615;[241/109] PONG (2);
INFO 2024-03-12;07:10:58.350615;[113] PING;07:10:59.017290;[242/113] PONG (1);
INFO 2024-03-12;07:10:59.017290;[114] PING;07:10:59.142094;[243/114] PONG (1);
INFO 2024-03-12;07:10:59.863917;[115] PING;07:11:00.415225;[245/115] PONG (1);
INFO 2024-03-12;07:11:00.415225;[116] PING;07:11:01.239093;[246/116] PONG (1);
INFO 2024-03-12;07:11:01.239093;[110] PING;07:11:02.144448;[247/110] PONG (2);
INFO 2024-03-12;07:11:03.247647;[117] PING;07:11:04.030377;[248/117] PONG (1);
INFO 2024-03-12;07:11:04.030377;[111] PING;07:11:04.231530;[249/111] PONG (2);
INFO 2024-03-12;07:11:04.298334;[118] PING;07:11:05.275187;[251/118] PONG (1);
INFO 2024-03-12;07:11:05.275187;[112] PING;07:11:06.049240;[252/112] PONG (2);
INFO 2024-03-12;07:11:06.127945;[119] PING;07:11:06.530154;[253/119] PONG (1);
INFO 2024-03-12;07:11:07.567195;[113] PING;(ignored);
INFO 2024-03-12;07:11:08.520696;[120] PING;07:11:08.886976;[254/120] PONG (1);
INFO 2024-03-12;07:11:09.198267;[121] PING;07:11:09.744080;[255/121] PONG (1);
INFO 2024-03-12;07:11:09.798066;[114] PING;07:11:10.024218;[257/114] PONG (2);
INFO 2024-03-12;07:11:10.403137;[122] PING;07:11:10.940075;[258/122] PONG (1);
INFO 2024-03-12;07:11:12.062621;[123] PING;07:11:12.190973;[259/123] PONG (1);
INFO 2024-03-12;07:11:13.012971;[115] PING;(ignored);
INFO 2024-03-12;07:11:13.443139;[124] PING;07:11:13.673151;[260/124] PONG (1);
INFO 2024-03-12;07:11:14.659624;[125] PING;07:11:15.610304;[262/125] PONG (1);
INFO 2024-03-12;07:11:16.025121;[126] PING;07:11:16.668062;[263/126] PONG (1);
INFO 2024-03-12;07:11:16.898476;[116] PING;07:11:17.354078;[264/116] PONG (2);
INFO 2024-03-12;07:11:17.354078;[127] PING;07:11:18.195660;[265/127] PONG (1);
INFO 2024-03-12;07:11:18.195660;[128] PING;07:11:18.723517;[266/128] PONG (1);
INFO 2024-03-12;07:11:18.723517;[129] PING;07:11:19.562056;[267/129] PONG (1);
INFO 2024-03-12;07:11:19.592071;[117] PING;(ignored);
INFO 2024-03-12;07:11:21.149740;[118] PING;07:11:21.553302;[269/118] PONG (2);
INFO 2024-03-12;07:11:21.708378;[130] PING;07:11:21.896663;[270/130] PONG (1);
INFO 2024-03-12;07:11:23.880948;[119] PING;07:11:24.827127;[271/119] PONG (2);
INFO 2024-03-12;07:11:24.827127;[131] PING;07:11:25.726482;[272/131] PONG (1);
INFO 2024-03-12;07:11:25.726482;[120] PING;07:11:26.376010;[274/120] PONG (2);
INFO 2024-03-12;07:11:26.376010;[132] PING;07:11:27.201295;[275/132] PONG (1);
INFO 2024-03-12;07:11:27.201295;[133] PING;07:11:28.009133;[276/133] PONG (1);
INFO 2024-03-12;07:11:28.430820;[121] PING;07:11:29.144376;[277/121] PONG (2);
INFO 2024-03-12;07:11:29.144376;[134] PING;07:11:30.079983;[278/134] PONG (1);
INFO 2024-03-12;07:11:30.079983;[122] PING;07:11:30.360654;[279/122] PONG (2);
INFO 2024-03-12;07:11:30.989647;[123] PING;07:11:31.686074;[281/123] PONG (2);
INFO 2024-03-12;07:11:31.686074;[135] PING;07:11:31.935950;[282/135] PONG (1);
INFO 2024-03-12;07:11:32.281489;[136] PING;07:11:32.465502;[283/136] PONG (1);
INFO 2024-03-12;07:11:32.751630;[124] PING;07:11:32.951959;[284/124] PONG (2);
INFO 2024-03-12;07:11:33.633830;[125] PING;07:11:33.980037;[285/125] PONG (2);
INFO 2024-03-12;07:11:35.090865;[137] PING;07:11:35.431230;[286/137] PONG (1);
INFO 2024-03-12;07:11:35.431230;[126] PING;(ignored);
INFO 2024-03-12;07:11:37.403808;[127] PING;07:11:37.617896;[288/127] PONG (2);
INFO 2024-03-12;07:11:37.650420;[138] PING;07:11:38.196215;[289/138] PONG (1);
INFO 2024-03-12;07:11:39.912926;[139] PING;07:11:40.537017;[290/139] PONG (1);
INFO 2024-03-12;07:11:40.537017;[128] PING;07:11:40.738449;[291/128] PONG (2);
INFO 2024-03-12;07:11:41.576411;[140] PING;07:11:42.435493;[293/140] PONG (1);
INFO 2024-03-12;07:11:42.435493;[129] PING;07:11:43.308084;[294/129] PONG (2);
INFO 2024-03-12;07:11:44.098476;[130] PING;(ignored);
INFO 2024-03-12;07:11:44.132208;[141] PING;07:11:44.773047;[295/141] PONG (1);
INFO 2024-03-12;07:11:45.347957;[142] PING;07:11:45.850488;[296/142] PONG (1);
INFO 2024-03-12;07:11:46.636271;[143] PING;07:11:47.047130;[297/143] PONG (1);
INFO 2024-03-12;07:11:47.047130;[131] PING;(ignored);
INFO 2024-03-12;07:11:47.161009;[144] PING;07:11:47.962627;[299/144] PONG (1);
INFO 2024-03-12;07:11:48.186372;[145] PING;07:11:48.619048;[300/145] PONG (1);
INFO 2024-03-12;07:11:50.299199;[146] PING;07:11:51.204076;[301/146] PONG (1);
INFO 2024-03-12;07:11:51.204076;[132] PING;07:11:51.763524;[302/132] PONG (2);
INFO 2024-03-12;07:11:52.411929;[147] PING;07:11:52.728166;[304/147] PONG (1);
INFO 2024-03-12;07:11:53.341454;[133] PING;07:11:53.554143;[305/133] PONG (2);
INFO 2024-03-12;07:11:53.669182;[148] PING;(ignored);
INFO 2024-03-12;07:11:54.174875;[149] PING;07:11:54.335122;[306/149] PONG (1);
INFO 2024-03-12;07:11:54.692083;[134] PING;07:11:55.655094;[307/134] PONG (2);
INFO 2024-03-12;07:11:55.655094;[150] PING;07:11:56.059067;[308/150] PONG (1);
INFO 2024-03-12;07:11:56.476605;[135] PING;07:11:56.759745;[309/135] PONG (2);
INFO 2024-03-12;07:11:58.549681;[151] PING;07:11:59.488998;[311/151] PONG (1);
INFO 2024-03-12;07:11:59.488998;[136] PING;07:12:00.500626;[312/136] PONG (2);
INFO 2024-03-12;07:12:00.500626;[152] PING;07:12:01.212412;[313/152] PONG (1);
INFO 2024-03-12;07:12:01.212412;[137] PING;07:12:02.143323;[314/137] PONG (2);
INFO 2024-03-12;07:12:02.143323;[153] PING;07:12:02.860091;[315/153] PONG (1);
INFO 2024-03-12;07:12:02.860091;[138] PING[139] PING;(ignored);
INFO 2024-03-12;07:12:03.789954;[154] PING;07:12:04.660334;[317/154] PONG (1);
INFO 2024-03-12;07:12:05.784441;[155] PING;(ignored);
INFO 2024-03-12;07:12:07.661795;[156] PING;07:12:07.912165;[318/156] PONG (1);
INFO 2024-03-12;07:12:07.912165;[140] PING;07:12:08.019698;[319/140] PONG (2);
INFO 2024-03-12;07:12:08.470109;[157] PING;07:12:08.845524;[321/157] PONG (1);
INFO 2024-03-12;07:12:08.845524;[141] PING;07:12:09.421647;[322/141] PONG (2);
INFO 2024-03-12;07:12:10.090179;[158] PING;07:12:10.744443;[323/158] PONG (1);
INFO 2024-03-12;07:12:11.057395;[142] PING;07:12:11.473370;[324/142] PONG (2);
INFO 2024-03-12;07:12:12.529182;[159] PING;(ignored);
INFO 2024-03-12;07:12:14.145538;[143] PING;07:12:14.910772;[326/143] PONG (2);
INFO 2024-03-12;07:12:14.910772;[160] PING;(ignored);
INFO 2024-03-12;07:12:16.094421;[144] PING;(ignored);
INFO 2024-03-12;07:12:17.278361;[161] PING;07:12:18.261378;[327/161] PONG (1);
INFO 2024-03-12;07:12:19.043659;[145] PING;07:12:19.402254;[329/145] PONG (2);
INFO 2024-03-12;07:12:19.872284;[162] PING;07:12:20.787749;[330/162] PONG (1);
INFO 2024-03-12;07:12:20.787749;[146] PING;07:12:21.114733;[331/146] PONG (2);
INFO 2024-03-12;07:12:21.291501;[163] PING;07:12:22.115903;[332/163] PONG (1);
INFO 2024-03-12;07:12:22.921740;[147] PING;07:12:23.791258;[333/147] PONG (2);
INFO Time is up.
INFO Shutting down the server.
